1509208514394	geckodriver	INFO	geckodriver 0.19.0
1509208514404	geckodriver	INFO	Listening on 127.0.0.1:5753
1509208516508	mozrunner::runner	INFO	Running command: "C:\\Program Files\\Mozilla Firefox\\firefox.exe" "-marionette" "-profile" "C:\\Users\\mrahman\\AppData\\Local\\Temp\\rust_mozprofile.gJV61iKBR2sY"
1509208517195	addons.xpi	WARN	Error parsing extensions state: [Exception... "Component returned failure code: 0x80520012 (NS_ERROR_FILE_NOT_FOUND) [amIAddonManagerStartup.readStartupData]"  nsresult: "0x80520012 (NS_ERROR_FILE_NOT_FOUND)"  location: "JS frame :: resource://gre/modules/addons/XPIProvider.jsm :: loadExtensionState :: line 1554"  data: no] Stack trace: loadExtensionState()@resource://gre/modules/addons/XPIProvider.jsm:1554 < getInstallState()@resource://gre/modules/addons/XPIProvider.jsm:1589 < checkForChanges()@resource://gre/modules/addons/XPIProvider.jsm:3109 < startup()@resource://gre/modules/addons/XPIProvider.jsm:2188 < callProvider()@resource://gre/modules/AddonManager.jsm:269 < _startProvider()@resource://gre/modules/AddonManager.jsm:739 < startup()@resource://gre/modules/AddonManager.jsm:906 < startup()@resource://gre/modules/AddonManager.jsm:3090 < observe()@jar:file:///C:/Program%20Files/Mozilla%20Firefox/omni.ja!/components/addonManager.js:65
1509208517953	Marionette	INFO	Enabled via --marionette
Unable to read VR Path Registry from C:\Users\mrahman\AppData\Local\openvr\openvrpaths.vrpath
[Parent 11184] WARNING: pipe error: 109: file z:/build/build/src/ipc/chromium/src/chrome/common/ipc_channel_win.cc, line 346
Unable to read VR Path Registry from C:\Users\mrahman\AppData\Local\openvr\openvrpaths.vrpath
[Child 18088] WARNING: pipe error: 109: file z:/build/build/src/ipc/chromium/src/chrome/common/ipc_channel_win.cc, line 346
1509208520659	Marionette	INFO	Listening on port 5759
1509208521741	Marionette	WARN	TLS certificate errors will be ignored for this session
1509208521814	Marionette	DEBUG	Register listener.js for window 4294967297
1509208521879	Marionette	DEBUG	Received DOM event "beforeunload" for "about:blank"
1509208521965	Marionette	DEBUG	Received DOM event "pagehide" for "about:blank"
1509208521966	Marionette	DEBUG	Received DOM event "unload" for "about:blank"
1509208523038	Marionette	DEBUG	Received DOM event "DOMContentLoaded" for "https://stackoverflow.com/"
1509208536185	Marionette	DEBUG	Received DOM event "pageshow" for "https://stackoverflow.com/"
1509208536408	Marionette	INFO	New connections will no longer be accepted
 for "about:blank"
1509202860191	Marionette	DEBUG	Received DOM event "unload" for "about:blank"
1509202861144	Marionette	DEBUG	Received DOM event "DOMContentLoaded" for "https://stackoverflow.com/"
1509202862795	Marionette	DEBUG	Received DOM event "pageshow" for "https://stackoverflow.com/"
1509202864863	Marionette	INFO	New connections will no longer be accepted
_channel_win.cc, line 346

###!!! [Child][MessageChannel::SendAndWait] Error: Channel error: cannot send/recv

